[90m[2025-02-07 13:40:13.829][39m [[1m[34mINFO[39m[22m] {
  "ctx": "User chat saved!",
  "meta": [
    {
      "userId": "agungprase9957@gmail.com"
    }
  ]
}
[90m[2025-02-07 13:40:15.013][39m [[1m[34mINFO[39m[22m] {
  "ctx": "User chat saved!",
  "meta": [
    {
      "userId": "agungprase9957@gmail.com"
    }
  ]
}
[90m[2025-02-07 19:26:03.689][39m [[1m[34mINFO[39m[22m] {
  "ctx": "User chat saved!",
  "meta": [
    {
      "userId": "agungprase9957@gmail.com"
    }
  ]
}
[90m[2025-02-07 19:26:05.592][39m [[1m[34mINFO[39m[22m] {
  "ctx": "User chat saved!",
  "meta": [
    {
      "userId": "agungprase9957@gmail.com"
    }
  ]
}
[90m[2025-02-07 19:26:44.922][39m [[1m[34mINFO[39m[22m] {
  "ctx": "User chat saved!",
  "meta": [
    {
      "userId": "agungprase9957@gmail.com"
    }
  ]
}
